[0m17:46:01.362009 [debug] [MainThread]: Sending event: {'category': 'dbt', 'action': 'invocation', 'label': 'start', 'context': [<snowplow_tracker.self_describing_json.SelfDescribingJson object at 0x105ea3380>, <snowplow_tracker.self_describing_json.SelfDescribingJson object at 0x105fe97c0>, <snowplow_tracker.self_describing_json.SelfDescribingJson object at 0x105fe9730>]}


============================== 17:46:01.365184 | 5d50fcc9-a9ea-4249-b6ed-0f7235aef352 ==============================
[0m17:46:01.365184 [info ] [MainThread]: Running with dbt=1.10.5
[0m17:46:01.365502 [debug] [MainThread]: running dbt with arguments {'printer_width': '80', 'indirect_selection': 'eager', 'log_cache_events': 'False', 'write_json': 'True', 'partial_parse': 'True', 'cache_selected_only': 'False', 'profiles_dir': '/Users/sapumal/.dbt', 'debug': 'False', 'fail_fast': 'False', 'log_path': 'logs', 'version_check': 'True', 'warn_error': 'None', 'use_colors': 'True', 'use_experimental_parser': 'False', 'empty': 'None', 'quiet': 'False', 'no_print': 'None', 'log_format': 'default', 'introspect': 'True', 'static_parser': 'True', 'warn_error_options': 'WarnErrorOptionsV2(error=[], warn=[], silence=[])', 'target_path': 'None', 'invocation_command': 'dbt init dbtlearn', 'send_anonymous_usage_stats': 'True'}
[0m17:46:01.376873 [debug] [MainThread]: Starter project path: /Users/sapumal/Developer/dbt/.venv/lib/python3.12/site-packages/dbt/include/starter_project
[0m17:46:01.383023 [info ] [MainThread]: 
Your new dbt project "dbtlearn" was created!

For more information on how to configure the profiles.yml file,
please consult the dbt documentation here:

  https://docs.getdbt.com/docs/configure-your-profile

One more thing:

Need help? Don't hesitate to reach out to us via GitHub issues or on Slack:

  https://community.getdbt.com/

Happy modeling!

[0m17:46:01.383260 [info ] [MainThread]: Setting up your profile.
[0m17:49:34.365914 [info ] [MainThread]: Profile dbtlearn written to /Users/sapumal/.dbt/profiles.yml using target's profile_template.yml and your supplied values. Run 'dbt debug' to validate the connection.
[0m17:49:34.424808 [debug] [MainThread]: Resource report: {"command_name": "init", "command_success": true, "command_wall_clock_time": 213.1161, "process_in_blocks": "0", "process_kernel_time": 0.190098, "process_mem_max_rss": "122290176", "process_out_blocks": "0", "process_user_time": 0.808278}
[0m17:49:34.432641 [debug] [MainThread]: Command `dbt init` succeeded at 17:49:34.432229 after 213.12 seconds
[0m17:49:34.434819 [debug] [MainThread]: Sending event: {'category': 'dbt', 'action': 'invocation', 'label': 'end', 'context': [<snowplow_tracker.self_describing_json.SelfDescribingJson object at 0x106c682f0>, <snowplow_tracker.self_describing_json.SelfDescribingJson object at 0x1071d8a10>, <snowplow_tracker.self_describing_json.SelfDescribingJson object at 0x10779e720>]}
[0m17:49:34.436137 [debug] [MainThread]: Flushing usage events
[0m17:49:35.791148 [debug] [MainThread]: An error was encountered while trying to flush usage events
